# JRE version: OpenJDK Runtime Environment (11.0.10) (build 11.0.10+0-b96-7249189)
# Java VM: OpenJDK 64-Bit Server VM (11.0.10+0-b96-7249189, mixed mode, tiered, compressed oops, g1 gc, windows-amd64)
Heap:
 garbage-first heap   total 1126400K, used 261587K [0x0000000080000000, 0x0000000100000000)
  region size 1024K, 2 young (2048K), 2 survivors (2048K)
 Metaspace       used 115456K, capacity 118607K, committed 118732K, reserved 1153024K
  class space    used 14797K, capacity 16032K, committed 16076K, reserved 1048576K
GC Heap History (20 events):
Event: 72.742 GC heap after
{Heap after GC invocations=60 (full 0):
 garbage-first heap   total 196608K, used 160279K [0x0000000080000000, 0x0000000100000000)
  region size 1024K, 2 young (2048K), 2 survivors (2048K)
 Metaspace       used 113537K, capacity 116625K, committed 116812K, reserved 1150976K
  class space    used 14655K, capacity 15858K, committed 15948K, reserved 1048576K
}
Event: 72.788 GC heap before
{Heap before GC invocations=60 (full 0):
 garbage-first heap   total 196608K, used 167447K [0x0000000080000000, 0x0000000100000000)
  region size 1024K, 9 young (9216K), 2 survivors (2048K)
 Metaspace       used 113557K, capacity 116689K, committed 116812K, reserved 1150976K
  class space    used 14655K, capacity 15858K, committed 15948K, reserved 1048576K
}
Event: 72.831 GC heap after
{Heap after GC invocations=61 (full 0):
 garbage-first heap   total 239616K, used 164179K [0x0000000080000000, 0x0000000100000000)
  region size 1024K, 2 young (2048K), 2 survivors (2048K)
 Metaspace       used 113557K, capacity 116689K, committed 116812K, reserved 1150976K
  class space    used 14655K, capacity 15858K, committed 15948K, reserved 1048576K
}
Event: 72.928 GC heap before
{Heap before GC invocations=61 (full 0):
 garbage-first heap   total 239616K, used 182611K [0x0000000080000000, 0x0000000100000000)
  region size 1024K, 20 young (20480K), 2 survivors (2048K)
 Metaspace       used 113635K, capacity 116763K, committed 117068K, reserved 1150976K
  class space    used 14655K, capacity 15858K, committed 15948K, reserved 1048576K
}
Event: 72.944 GC heap after
{Heap after GC invocations=62 (full 0):
 garbage-first heap   total 239616K, used 173810K [0x0000000080000000, 0x0000000100000000)
  region size 1024K, 3 young (3072K), 3 survivors (3072K)
 Metaspace       used 113635K, capacity 116763K, committed 117068K, reserved 1150976K
  class space    used 14655K, capacity 15858K, committed 15948K, reserved 1048576K
}
Event: 73.012 GC heap before
{Heap before GC invocations=62 (full 0):
 garbage-first heap   total 239616K, used 190194K [0x0000000080000000, 0x0000000100000000)
  region size 1024K, 19 young (19456K), 3 survivors (3072K)
 Metaspace       used 113649K, capacity 116763K, committed 117068K, reserved 1150976K
  class space    used 14655K, capacity 15858K, committed 15948K, reserved 1048576K
}
Event: 73.031 GC heap after
{Heap after GC invocations=63 (full 0):
 garbage-first heap   total 239616K, used 182982K [0x0000000080000000, 0x0000000100000000)
  region size 1024K, 3 young (3072K), 3 survivors (3072K)
 Metaspace       used 113649K, capacity 116763K, committed 117068K, reserved 1150976K
  class space    used 14655K, capacity 15858K, committed 15948K, reserved 1048576K
}
Event: 73.125 GC heap before
{Heap before GC invocations=63 (full 0):
 garbage-first heap   total 239616K, used 195270K [0x0000000080000000, 0x0000000100000000)
  region size 1024K, 16 young (16384K), 3 survivors (3072K)
 Metaspace       used 113655K, capacity 116764K, committed 117068K, reserved 1150976K
  class space    used 14655K, capacity 15858K, committed 15948K, reserved 1048576K
}
Event: 73.139 GC heap after
{Heap after GC invocations=64 (full 0):
 garbage-first heap   total 239616K, used 190445K [0x0000000080000000, 0x0000000100000000)
  region size 1024K, 2 young (2048K), 2 survivors (2048K)
 Metaspace       used 113655K, capacity 116764K, committed 117068K, reserved 1150976K
  class space    used 14655K, capacity 15858K, committed 15948K, reserved 1048576K
}
Event: 73.180 GC heap before
{Heap before GC invocations=64 (full 0):
 garbage-first heap   total 239616K, used 199661K [0x0000000080000000, 0x0000000100000000)
  region size 1024K, 12 young (12288K), 2 survivors (2048K)
 Metaspace       used 113656K, capacity 116764K, committed 117068K, reserved 1150976K
  class space    used 14655K, capacity 15858K, committed 15948K, reserved 1048576K
}
Event: 73.361 GC heap after
{Heap after GC invocations=65 (full 0):
 garbage-first heap   total 479232K, used 196377K [0x0000000080000000, 0x0000000100000000)
  region size 1024K, 2 young (2048K), 2 survivors (2048K)
 Metaspace       used 113656K, capacity 116764K, committed 117068K, reserved 1150976K
  class space    used 14655K, capacity 15858K, committed 15948K, reserved 1048576K
}
Event: 74.414 GC heap before
{Heap before GC invocations=66 (full 0):
 garbage-first heap   total 479232K, used 276249K [0x0000000080000000, 0x0000000100000000)
  region size 1024K, 80 young (81920K), 2 survivors (2048K)
 Metaspace       used 114243K, capacity 117460K, committed 117580K, reserved 1150976K
  class space    used 14718K, capacity 15946K, committed 15948K, reserved 1048576K
}
Event: 74.438 GC heap after
{Heap after GC invocations=67 (full 0):
 garbage-first heap   total 479232K, used 212841K [0x0000000080000000, 0x0000000100000000)
  region size 1024K, 10 young (10240K), 10 survivors (10240K)
 Metaspace       used 114243K, capacity 117460K, committed 117580K, reserved 1150976K
  class space    used 14718K, capacity 15946K, committed 15948K, reserved 1048576K
}
Event: 76.186 GC heap before
{Heap before GC invocations=67 (full 0):
 garbage-first heap   total 479232K, used 312169K [0x0000000080000000, 0x0000000100000000)
  region size 1024K, 90 young (92160K), 10 survivors (10240K)
 Metaspace       used 114421K, capacity 117609K, committed 117964K, reserved 1150976K
  class space    used 14723K, capacity 15949K, committed 16076K, reserved 1048576K
}
Event: 76.219 GC heap after
{Heap after GC invocations=68 (full 0):
 garbage-first heap   total 479232K, used 238353K [0x0000000080000000, 0x0000000100000000)
  region size 1024K, 7 young (7168K), 7 survivors (7168K)
 Metaspace       used 114421K, capacity 117609K, committed 117964K, reserved 1150976K
  class space    used 14723K, capacity 15949K, committed 16076K, reserved 1048576K
}
Event: 76.647 GC heap before
{Heap before GC invocations=68 (full 0):
 garbage-first heap   total 479232K, used 266001K [0x0000000080000000, 0x0000000100000000)
  region size 1024K, 31 young (31744K), 7 survivors (7168K)
 Metaspace       used 114461K, capacity 117690K, committed 117964K, reserved 1150976K
  class space    used 14725K, capacity 15954K, committed 16076K, reserved 1048576K
}
Event: 76.661 GC heap after
{Heap after GC invocations=69 (full 0):
 garbage-first heap   total 479232K, used 246848K [0x0000000080000000, 0x0000000100000000)
  region size 1024K, 4 young (4096K), 4 survivors (4096K)
 Metaspace       used 114461K, capacity 117690K, committed 117964K, reserved 1150976K
  class space    used 14725K, capacity 15954K, committed 16076K, reserved 1048576K
}
Event: 77.407 GC heap before
{Heap before GC invocations=69 (full 0):
 garbage-first heap   total 479232K, used 327744K [0x0000000080000000, 0x0000000100000000)
  region size 1024K, 84 young (86016K), 4 survivors (4096K)
 Metaspace       used 115040K, capacity 118190K, committed 118476K, reserved 1150976K
  class space    used 14769K, capacity 16000K, committed 16076K, reserved 1048576K
}
Event: 77.428 GC heap after
{Heap after GC invocations=70 (full 0):
 garbage-first heap   total 479232K, used 259338K [0x0000000080000000, 0x0000000100000000)
  region size 1024K, 11 young (11264K), 11 survivors (11264K)
 Metaspace       used 115040K, capacity 118190K, committed 118476K, reserved 1150976K
  class space    used 14769K, capacity 16000K, committed 16076K, reserved 1048576K
}
Event: 78.049 GC heap before
{Heap before GC invocations=71 (full 0):
 garbage-first heap   total 479232K, used 342282K [0x0000000080000000, 0x0000000100000000)
  region size 1024K, 92 young (94208K), 11 survivors (11264K)
 Metaspace       used 115456K, capacity 118607K, committed 118732K, reserved 1153024K
  class space    used 14797K, capacity 16032K, committed 16076K, reserved 1048576K
}

